<?xml version="1.0" encoding="UTF-8"?>
<!-- Generated by org.testng.reporters.JUnitXMLReporter -->
<testsuite hostname="ravindra" ignored="0" name="Test" tests="1" failures="1" timestamp="13 May 2017 08:19:56 GMT" time="0.165" errors="0">
  <testcase name="testA" time="0.037" classname="uk.co.bt.script.Sample">
    <failure type="java.lang.AssertionError" message="null">
      <![CDATA[java.lang.AssertionError: null
	at uk.co.bt.script.Sample.testA(Sample.java:11)
... Removed 27 stack frames]]>
    </failure>
  </testcase> <!-- testA -->
</testsuite> <!-- Test -->
