<?xml version="1.0" encoding="UTF-8"?>
<testng-results skipped="0" failed="0" total="1" passed="1">
  <reporter-output>
    <line>
      <![CDATA[welcomeBT]]>
    </line>
  </reporter-output>
  <suite name="Suite" duration-ms="92" started-at="2017-05-12T08:47:55Z" finished-at="2017-05-12T08:47:56Z">
    <groups>
    </groups>
    <test name="Test" duration-ms="92" started-at="2017-05-12T08:47:55Z" finished-at="2017-05-12T08:47:56Z">
      <class name="uk.co.bt.script.Sample">
        <test-method status="PASS" signature="testA()[pri:0, instance:uk.co.bt.script.Sample@2ed94a8b]" name="testA" duration-ms="38" started-at="2017-05-12T14:17:56Z" finished-at="2017-05-12T14:17:56Z">
          <reporter-output>
            <line>
              <![CDATA[welcomeBT]]>
            </line>
          </reporter-output>
        </test-method> <!-- testA -->
      </class> <!-- uk.co.bt.script.Sample -->
    </test> <!-- Test -->
  </suite> <!-- Suite -->
</testng-results>
